000 (4004.000.000) 2023-11-30 10:49:46 Job submitted from host: <140.115.32.12:9618?addrs=140.115.32.12-9618+[2001-288-3001-32-e47-6457-b6c2-68d7]-9618&alias=chip02.cms.phy.ncu.edu.tw&noUDP&sock=schedd_899507_900c>
...
040 (4004.000.000) 2023-11-30 10:49:46 Started transferring input files
	Transferring to host: <140.115.32.14:9618?addrs=140.115.32.14-9618+[2001-288-3001-32-3d37-c48b-9577-f03d]-9618&alias=chip04.cms.phy.ncu.edu.tw&noUDP&sock=slot1_1_3629_b56d_90>
...
040 (4004.000.000) 2023-11-30 10:49:46 Finished transferring input files
...
001 (4004.000.000) 2023-11-30 10:49:47 Job executing on host: <140.115.32.14:9618?addrs=140.115.32.14-9618+[2001-288-3001-32-3d37-c48b-9577-f03d]-9618&alias=chip04.cms.phy.ncu.edu.tw&noUDP&sock=startd_3474_7419>
...
006 (4004.000.000) 2023-11-30 10:49:56 Image size of job updated: 280616
	175  -  MemoryUsage of job (MB)
	178444  -  ResidentSetSize of job (KB)
...
006 (4004.000.000) 2023-11-30 10:54:57 Image size of job updated: 9176084
	3034  -  MemoryUsage of job (MB)
	3106400  -  ResidentSetSize of job (KB)
...
006 (4004.000.000) 2023-11-30 11:09:58 Image size of job updated: 9363796
	3034  -  MemoryUsage of job (MB)
	3106400  -  ResidentSetSize of job (KB)
...
040 (4004.000.000) 2023-11-30 11:20:29 Started transferring output files
...
040 (4004.000.000) 2023-11-30 11:20:29 Finished transferring output files
...
005 (4004.000.000) 2023-11-30 11:20:29 Job terminated.
	(1) Normal termination (return value 0)
		Usr 0 02:29:50, Sys 0 00:12:59  -  Run Remote Usage
		Usr 0 00:00:00, Sys 0 00:00:00  -  Run Local Usage
		Usr 0 02:29:50, Sys 0 00:12:59  -  Total Remote Usage
		Usr 0 00:00:00, Sys 0 00:00:00  -  Total Local Usage
	343519  -  Run Bytes Sent By Job
	536  -  Run Bytes Received By Job
	343519  -  Total Bytes Sent By Job
	536  -  Total Bytes Received By Job
	Partitionable Resources :    Usage  Request Allocated 
	   Cpus                 :     5.79       20        20 
	   Disk (KB)            :   352           1     18199 
	   Memory (MB)          :  3034           1       128 

	Job terminated of its own accord at 2023-11-30T03:20:29Z.
...
